{"C:\\Users\\Pc\\Desktop\\Microverse\\To-Do-list\\src\\module\\taskFunctions.js": {"path":"C:\\Users\\Pc\\Desktop\\Microverse\\To-Do-list\\src\\module\\taskFunctions.js","statementMap":{"0":{"start":{"line":1,"column":14},"end":{"line":1,"column":61}},"1":{"start":{"line":3,"column":33},"end":{"line":5,"column":1}},"2":{"start":{"line":4,"column":2},"end":{"line":4,"column":55}},"3":{"start":{"line":7,"column":18},"end":{"line":11,"column":1}},"4":{"start":{"line":8,"column":2},"end":{"line":10,"column":5}},"5":{"start":{"line":9,"column":4},"end":{"line":9,"column":27}},"6":{"start":{"line":13,"column":19},"end":{"line":20,"column":1}},"7":{"start":{"line":14,"column":2},"end":{"line":14,"column":25}},"8":{"start":{"line":15,"column":2},"end":{"line":17,"column":5}},"9":{"start":{"line":16,"column":4},"end":{"line":16,"column":30}},"10":{"start":{"line":18,"column":2},"end":{"line":18,"column":14}},"11":{"start":{"line":19,"column":2},"end":{"line":19,"column":29}},"12":{"start":{"line":22,"column":17},"end":{"line":25,"column":1}},"13":{"start":{"line":27,"column":16},"end":{"line":37,"column":1}},"14":{"start":{"line":28,"column":2},"end":{"line":36,"column":3}},"15":{"start":{"line":29,"column":20},"end":{"line":33,"column":5}},"16":{"start":{"line":34,"column":4},"end":{"line":34,"column":24}},"17":{"start":{"line":35,"column":4},"end":{"line":35,"column":31}}},"fnMap":{"0":{"name":"(anonymous_0)","decl":{"start":{"line":3,"column":33},"end":{"line":3,"column":34}},"loc":{"start":{"line":3,"column":39},"end":{"line":5,"column":1}},"line":3},"1":{"name":"(anonymous_1)","decl":{"start":{"line":7,"column":18},"end":{"line":7,"column":19}},"loc":{"start":{"line":7,"column":24},"end":{"line":11,"column":1}},"line":7},"2":{"name":"(anonymous_2)","decl":{"start":{"line":8,"column":16},"end":{"line":8,"column":17}},"loc":{"start":{"line":8,"column":33},"end":{"line":10,"column":3}},"line":8},"3":{"name":"(anonymous_3)","decl":{"start":{"line":13,"column":19},"end":{"line":13,"column":20}},"loc":{"start":{"line":13,"column":30},"end":{"line":20,"column":1}},"line":13},"4":{"name":"(anonymous_4)","decl":{"start":{"line":15,"column":16},"end":{"line":15,"column":17}},"loc":{"start":{"line":15,"column":36},"end":{"line":17,"column":3}},"line":15},"5":{"name":"(anonymous_5)","decl":{"start":{"line":22,"column":17},"end":{"line":22,"column":18}},"loc":{"start":{"line":22,"column":41},"end":{"line":25,"column":1}},"line":22},"6":{"name":"(anonymous_6)","decl":{"start":{"line":27,"column":16},"end":{"line":27,"column":17}},"loc":{"start":{"line":27,"column":37},"end":{"line":37,"column":1}},"line":27}},"branchMap":{"0":{"loc":{"start":{"line":1,"column":14},"end":{"line":1,"column":61}},"type":"binary-expr","locations":[{"start":{"line":1,"column":14},"end":{"line":1,"column":55}},{"start":{"line":1,"column":59},"end":{"line":1,"column":61}}],"line":1},"1":{"loc":{"start":{"line":28,"column":2},"end":{"line":36,"column":3}},"type":"if","locations":[{"start":{"line":28,"column":2},"end":{"line":36,"column":3}},{"start":{},"end":{}}],"line":28}},"s":{"0":1,"1":1,"2":2,"3":1,"4":1,"5":1,"6":1,"7":1,"8":1,"9":1,"10":1,"11":1,"12":1,"13":1,"14":2,"15":1,"16":1,"17":1},"f":{"0":2,"1":1,"2":1,"3":1,"4":1,"5":0,"6":2},"b":{"0":[1,1],"1":[1,1]},"_coverageSchema":"1a1c01bbd47fc00a2c39e90264f33305004495a9","hash":"ff7c322b2e36db4a859ea4206e29ebe1923bad66"}
}
